<?xml version="1.0" encoding="UTF-8"?>
<!-- Generated by org.testng.reporters.JUnitReportReporter -->
<testsuite hostname="DESKTOP-HCBE6HK" failures="0" tests="2" name="testNg.TestNG" time="16.392" errors="0" timestamp="2023-02-14T16:25:05 IST" skipped="0">
  <testcase classname="testNg.TestNG" name="verifyFlipkartLoginPage" time="8.529"/>
  <system-out/>
  <testcase classname="testNg.TestNG" name="verifyFlipkartAddToCartProduct" time="7.863"/>
  <system-out/>
</testsuite> <!-- testNg.TestNG -->
